<?xml version="1.0" encoding="UTF-8"?>
<coverage generated="1689447214324" clover="3.2.0">
  <project timestamp="1689447214324" name="All files">
    <metrics statements="87" coveredstatements="87" conditionals="48" coveredconditionals="48" methods="19" coveredmethods="19" elements="154" coveredelements="154" complexity="0" loc="87" ncloc="87" packages="1" files="1" classes="1"/>
    <file name="main.js" path="/home/runner/AdaCoin/adacoin/src/main.js">
      <metrics statements="87" coveredstatements="87" conditionals="48" coveredconditionals="48" methods="19" coveredmethods="19"/>
      <line num="1" count="1" type="stmt"/>
      <line num="2" count="1" type="stmt"/>
      <line num="3" count="1" type="stmt"/>
      <line num="4" count="1" type="stmt"/>
      <line num="5" count="1" type="stmt"/>
      <line num="8" count="1" type="stmt"/>
      <line num="20" count="26" type="stmt"/>
      <line num="21" count="26" type="stmt"/>
      <line num="22" count="26" type="stmt"/>
      <line num="23" count="26" type="stmt"/>
      <line num="30" count="60" type="stmt"/>
      <line num="33" count="110" type="stmt"/>
      <line num="37" count="171" type="cond" truecount="2" falsecount="0"/>
      <line num="38" count="7" type="stmt"/>
      <line num="41" count="164" type="stmt"/>
      <line num="46" count="111" type="stmt"/>
      <line num="48" count="2" type="stmt"/>
      <line num="51" count="109" type="stmt"/>
      <line num="52" count="109" type="stmt"/>
      <line num="56" count="1" type="stmt"/>
      <line num="57" count="69" type="cond" truecount="2" falsecount="0"/>
      <line num="58" count="3" type="stmt"/>
      <line num="60" count="66" type="stmt"/>
      <line num="61" count="66" type="cond" truecount="2" falsecount="0"/>
      <line num="68" count="120" type="stmt"/>
      <line num="69" count="120" type="stmt"/>
      <line num="70" count="120" type="stmt"/>
      <line num="72" count="120" type="stmt"/>
      <line num="76" count="231" type="stmt"/>
      <line num="78" count="231" type="stmt"/>
      <line num="82" count="179" type="stmt"/>
      <line num="86" count="57" type="stmt"/>
      <line num="87" count="57" type="stmt"/>
      <line num="88" count="57" type="stmt"/>
      <line num="91" count="3" type="stmt"/>
      <line num="93" count="54" type="cond" truecount="4" falsecount="0"/>
      <line num="94" count="51" type="stmt"/>
      <line num="96" count="3" type="stmt"/>
      <line num="101" count="78" type="cond" truecount="2" falsecount="0"/>
      <line num="102" count="2" type="stmt"/>
      <line num="104" count="76" type="cond" truecount="4" falsecount="0"/>
      <line num="105" count="3" type="stmt"/>
      <line num="107" count="73" type="cond" truecount="6" falsecount="0"/>
      <line num="108" count="4" type="stmt"/>
      <line num="110" count="69" type="cond" truecount="2" falsecount="0"/>
      <line num="111" count="23" type="cond" truecount="2" falsecount="0"/>
      <line num="112" count="4" type="stmt"/>
      <line num="115" count="65" type="cond" truecount="2" falsecount="0"/>
      <line num="116" count="46" type="cond" truecount="2" falsecount="0"/>
      <line num="117" count="4" type="stmt"/>
      <line num="120" count="61" type="stmt"/>
      <line num="129" count="31" type="stmt"/>
      <line num="134" count="31" type="stmt"/>
      <line num="139" count="50" type="stmt"/>
      <line num="144" count="89" type="cond" truecount="2" falsecount="0"/>
      <line num="145" count="1" type="stmt"/>
      <line num="147" count="53" type="cond" truecount="4" falsecount="0"/>
      <line num="149" count="50" type="stmt"/>
      <line num="150" count="50" type="stmt"/>
      <line num="151" count="50" type="stmt"/>
      <line num="157" count="30" type="stmt"/>
      <line num="158" count="51" type="stmt"/>
      <line num="159" count="51" type="stmt"/>
      <line num="160" count="51" type="cond" truecount="2" falsecount="0"/>
      <line num="161" count="4" type="stmt"/>
      <line num="163" count="47" type="cond" truecount="2" falsecount="0"/>
      <line num="164" count="6" type="stmt"/>
      <line num="167" count="20" type="stmt"/>
      <line num="171" count="9" type="stmt"/>
      <line num="172" count="9" type="stmt"/>
      <line num="173" count="9" type="cond" truecount="2" falsecount="0"/>
      <line num="174" count="1" type="stmt"/>
      <line num="176" count="8" type="cond" truecount="2" falsecount="0"/>
      <line num="177" count="1" type="stmt"/>
      <line num="179" count="7" type="stmt"/>
      <line num="181" count="14" type="cond" truecount="2" falsecount="0"/>
      <line num="182" count="9" type="stmt"/>
      <line num="183" count="9" type="stmt"/>
      <line num="185" count="14" type="cond" truecount="2" falsecount="0"/>
      <line num="186" count="5" type="stmt"/>
      <line num="187" count="5" type="stmt"/>
      <line num="192" count="7" type="stmt"/>
      <line num="193" count="7" type="stmt"/>
      <line num="197" count="5" type="stmt"/>
      <line num="198" count="10" type="stmt"/>
      <line num="199" count="10" type="stmt"/>
      <line num="205" count="1" type="stmt"/>
    </file>
  </project>
</coverage>
