<?xml version="1.0" encoding="UTF-8"?>
<coverage generated="1689337952456" clover="3.2.0">
  <project timestamp="1689337952457" name="All files">
    <metrics statements="85" coveredstatements="84" conditionals="46" coveredconditionals="46" methods="19" coveredmethods="19" elements="150" coveredelements="149" complexity="0" loc="85" ncloc="85" packages="1" files="1" classes="1"/>
    <file name="main.js" path="/home/runner/AdaCoin/adacoin/src/main.js">
      <metrics statements="85" coveredstatements="84" conditionals="46" coveredconditionals="46" methods="19" coveredmethods="19"/>
      <line num="1" count="1" type="stmt"/>
      <line num="2" count="1" type="stmt"/>
      <line num="3" count="1" type="stmt"/>
      <line num="4" count="1" type="stmt"/>
      <line num="5" count="1" type="stmt"/>
      <line num="8" count="1" type="stmt"/>
      <line num="20" count="17" type="stmt"/>
      <line num="21" count="17" type="stmt"/>
      <line num="22" count="17" type="stmt"/>
      <line num="23" count="17" type="stmt"/>
      <line num="30" count="55" type="stmt"/>
      <line num="33" count="101" type="stmt"/>
      <line num="37" count="154" type="cond" truecount="2" falsecount="0"/>
      <line num="38" count="3" type="stmt"/>
      <line num="41" count="151" type="stmt"/>
      <line num="46" count="100" type="stmt"/>
      <line num="48" count="0" type="stmt"/>
      <line num="51" count="100" type="stmt"/>
      <line num="52" count="100" type="stmt"/>
      <line num="56" count="1" type="stmt"/>
      <line num="57" count="66" type="cond" truecount="2" falsecount="0"/>
      <line num="58" count="2" type="stmt"/>
      <line num="60" count="64" type="stmt"/>
      <line num="61" count="64" type="cond" truecount="2" falsecount="0"/>
      <line num="68" count="112" type="stmt"/>
      <line num="69" count="112" type="stmt"/>
      <line num="70" count="112" type="stmt"/>
      <line num="72" count="112" type="stmt"/>
      <line num="76" count="193" type="stmt"/>
      <line num="78" count="193" type="stmt"/>
      <line num="82" count="167" type="stmt"/>
      <line num="86" count="54" type="stmt"/>
      <line num="87" count="54" type="stmt"/>
      <line num="88" count="54" type="stmt"/>
      <line num="91" count="3" type="stmt"/>
      <line num="93" count="51" type="cond" truecount="4" falsecount="0"/>
      <line num="94" count="48" type="stmt"/>
      <line num="96" count="3" type="stmt"/>
      <line num="101" count="74" type="cond" truecount="2" falsecount="0"/>
      <line num="102" count="2" type="stmt"/>
      <line num="104" count="72" type="cond" truecount="4" falsecount="0"/>
      <line num="105" count="2" type="stmt"/>
      <line num="107" count="70" type="cond" truecount="6" falsecount="0"/>
      <line num="108" count="4" type="stmt"/>
      <line num="110" count="66" type="cond" truecount="2" falsecount="0"/>
      <line num="111" count="23" type="cond" truecount="2" falsecount="0"/>
      <line num="112" count="4" type="stmt"/>
      <line num="115" count="62" type="cond" truecount="2" falsecount="0"/>
      <line num="116" count="43" type="cond" truecount="2" falsecount="0"/>
      <line num="117" count="2" type="stmt"/>
      <line num="120" count="60" type="stmt"/>
      <line num="129" count="26" type="stmt"/>
      <line num="134" count="26" type="stmt"/>
      <line num="139" count="47" type="stmt"/>
      <line num="144" count="83" type="cond" truecount="2" falsecount="0"/>
      <line num="145" count="1" type="stmt"/>
      <line num="147" count="48" type="cond" truecount="4" falsecount="0"/>
      <line num="149" count="47" type="stmt"/>
      <line num="150" count="47" type="stmt"/>
      <line num="151" count="47" type="stmt"/>
      <line num="157" count="17" type="stmt"/>
      <line num="158" count="26" type="stmt"/>
      <line num="159" count="26" type="stmt"/>
      <line num="160" count="26" type="cond" truecount="2" falsecount="0"/>
      <line num="161" count="3" type="stmt"/>
      <line num="163" count="23" type="cond" truecount="2" falsecount="0"/>
      <line num="164" count="6" type="stmt"/>
      <line num="167" count="8" type="stmt"/>
      <line num="171" count="9" type="stmt"/>
      <line num="172" count="9" type="stmt"/>
      <line num="173" count="9" type="cond" truecount="2" falsecount="0"/>
      <line num="174" count="1" type="stmt"/>
      <line num="176" count="8" type="stmt"/>
      <line num="178" count="17" type="cond" truecount="2" falsecount="0"/>
      <line num="179" count="9" type="stmt"/>
      <line num="180" count="9" type="stmt"/>
      <line num="182" count="17" type="cond" truecount="2" falsecount="0"/>
      <line num="183" count="8" type="stmt"/>
      <line num="184" count="8" type="stmt"/>
      <line num="189" count="8" type="stmt"/>
      <line num="190" count="8" type="stmt"/>
      <line num="194" count="4" type="stmt"/>
      <line num="195" count="8" type="stmt"/>
      <line num="196" count="8" type="stmt"/>
      <line num="201" count="1" type="stmt"/>
    </file>
  </project>
</coverage>
