{"/home/runner/AdaCoin/adacoin/src/main.js": {"path":"/home/runner/AdaCoin/adacoin/src/main.js","statementMap":{"0":{"start":{"line":1,"column":15},"end":{"line":1,"column":42}},"1":{"start":{"line":2,"column":15},"end":{"line":2,"column":32}},"2":{"start":{"line":3,"column":11},"end":{"line":3,"column":24}},"3":{"start":{"line":4,"column":12},"end":{"line":4,"column":67}},"4":{"start":{"line":5,"column":23},"end":{"line":5,"column":38}},"5":{"start":{"line":8,"column":22},"end":{"line":16,"column":1}},"6":{"start":{"line":20,"column":4},"end":{"line":20,"column":27}},"7":{"start":{"line":21,"column":4},"end":{"line":21,"column":26}},"8":{"start":{"line":22,"column":4},"end":{"line":22,"column":44}},"9":{"start":{"line":23,"column":4},"end":{"line":23,"column":28}},"10":{"start":{"line":30,"column":4},"end":{"line":30,"column":46}},"11":{"start":{"line":33,"column":16},"end":{"line":33,"column":32}},"12":{"start":{"line":37,"column":4},"end":{"line":39,"column":5}},"13":{"start":{"line":38,"column":6},"end":{"line":38,"column":62}},"14":{"start":{"line":41,"column":4},"end":{"line":41,"column":16}},"15":{"start":{"line":46,"column":4},"end":{"line":49,"column":5}},"16":{"start":{"line":46,"column":10},"end":{"line":46,"column":36}},"17":{"start":{"line":48,"column":6},"end":{"line":48,"column":62}},"18":{"start":{"line":51,"column":13},"end":{"line":51,"column":53}},"19":{"start":{"line":52,"column":4},"end":{"line":52,"column":43}},"20":{"start":{"line":56,"column":24},"end":{"line":62,"column":1}},"21":{"start":{"line":57,"column":2},"end":{"line":59,"column":3}},"22":{"start":{"line":58,"column":4},"end":{"line":58,"column":17}},"23":{"start":{"line":60,"column":21},"end":{"line":60,"column":35}},"24":{"start":{"line":61,"column":2},"end":{"line":61,"column":49}},"25":{"start":{"line":68,"column":4},"end":{"line":68,"column":17}},"26":{"start":{"line":69,"column":4},"end":{"line":69,"column":35}},"27":{"start":{"line":70,"column":4},"end":{"line":70,"column":23}},"28":{"start":{"line":72,"column":4},"end":{"line":72,"column":37}},"29":{"start":{"line":76,"column":15},"end":{"line":76,"column":78}},"30":{"start":{"line":78,"column":4},"end":{"line":78,"column":27}},"31":{"start":{"line":82,"column":4},"end":{"line":82,"column":32}},"32":{"start":{"line":86,"column":13},"end":{"line":86,"column":21}},"33":{"start":{"line":87,"column":4},"end":{"line":92,"column":5}},"34":{"start":{"line":88,"column":6},"end":{"line":88,"column":30}},"35":{"start":{"line":91,"column":6},"end":{"line":91,"column":19}},"36":{"start":{"line":93,"column":4},"end":{"line":97,"column":5}},"37":{"start":{"line":94,"column":6},"end":{"line":94,"column":18}},"38":{"start":{"line":96,"column":6},"end":{"line":96,"column":19}},"39":{"start":{"line":101,"column":4},"end":{"line":103,"column":5}},"40":{"start":{"line":102,"column":6},"end":{"line":102,"column":51}},"41":{"start":{"line":104,"column":4},"end":{"line":106,"column":5}},"42":{"start":{"line":105,"column":6},"end":{"line":105,"column":61}},"43":{"start":{"line":107,"column":4},"end":{"line":109,"column":5}},"44":{"start":{"line":108,"column":6},"end":{"line":108,"column":86}},"45":{"start":{"line":110,"column":4},"end":{"line":114,"column":5}},"46":{"start":{"line":111,"column":6},"end":{"line":113,"column":7}},"47":{"start":{"line":112,"column":8},"end":{"line":112,"column":88}},"48":{"start":{"line":115,"column":4},"end":{"line":119,"column":5}},"49":{"start":{"line":116,"column":6},"end":{"line":118,"column":7}},"50":{"start":{"line":117,"column":8},"end":{"line":117,"column":90}},"51":{"start":{"line":120,"column":4},"end":{"line":120,"column":16}},"52":{"start":{"line":129,"column":4},"end":{"line":129,"column":39}},"53":{"start":{"line":134,"column":4},"end":{"line":134,"column":72}},"54":{"start":{"line":139,"column":4},"end":{"line":139,"column":45}},"55":{"start":{"line":144,"column":4},"end":{"line":146,"column":5}},"56":{"start":{"line":144,"column":28},"end":{"line":144,"column":50}},"57":{"start":{"line":145,"column":6},"end":{"line":145,"column":26}},"58":{"start":{"line":147,"column":4},"end":{"line":152,"column":5}},"59":{"start":{"line":149,"column":4},"end":{"line":149,"column":43}},"60":{"start":{"line":150,"column":4},"end":{"line":150,"column":45}},"61":{"start":{"line":151,"column":4},"end":{"line":151,"column":30}},"62":{"start":{"line":157,"column":4},"end":{"line":166,"column":5}},"63":{"start":{"line":157,"column":16},"end":{"line":157,"column":17}},"64":{"start":{"line":158,"column":22},"end":{"line":158,"column":35}},"65":{"start":{"line":159,"column":23},"end":{"line":159,"column":40}},"66":{"start":{"line":160,"column":6},"end":{"line":165,"column":7}},"67":{"start":{"line":161,"column":8},"end":{"line":161,"column":21}},"68":{"start":{"line":163,"column":12},"end":{"line":165,"column":7}},"69":{"start":{"line":164,"column":8},"end":{"line":164,"column":21}},"70":{"start":{"line":167,"column":4},"end":{"line":167,"column":16}},"71":{"start":{"line":171,"column":17},"end":{"line":171,"column":18}},"72":{"start":{"line":172,"column":16},"end":{"line":172,"column":17}},"73":{"start":{"line":173,"column":4},"end":{"line":175,"column":5}},"74":{"start":{"line":174,"column":6},"end":{"line":174,"column":15}},"75":{"start":{"line":176,"column":4},"end":{"line":187,"column":5}},"76":{"start":{"line":176,"column":16},"end":{"line":176,"column":17}},"77":{"start":{"line":178,"column":6},"end":{"line":181,"column":7}},"78":{"start":{"line":179,"column":18},"end":{"line":179,"column":62}},"79":{"start":{"line":180,"column":8},"end":{"line":180,"column":22}},"80":{"start":{"line":182,"column":6},"end":{"line":185,"column":7}},"81":{"start":{"line":183,"column":18},"end":{"line":183,"column":61}},"82":{"start":{"line":184,"column":8},"end":{"line":184,"column":21}},"83":{"start":{"line":189,"column":17},"end":{"line":189,"column":110}},"84":{"start":{"line":190,"column":4},"end":{"line":190,"column":39}},"85":{"start":{"line":194,"column":4},"end":{"line":197,"column":5}},"86":{"start":{"line":194,"column":16},"end":{"line":194,"column":17}},"87":{"start":{"line":195,"column":6},"end":{"line":195,"column":49}},"88":{"start":{"line":196,"column":6},"end":{"line":196,"column":57}},"89":{"start":{"line":201,"column":0},"end":{"line":201,"column":62}}},"fnMap":{"0":{"name":"(anonymous_0)","decl":{"start":{"line":19,"column":2},"end":{"line":19,"column":3}},"loc":{"start":{"line":19,"column":36},"end":{"line":24,"column":3}},"line":19},"1":{"name":"(anonymous_1)","decl":{"start":{"line":29,"column":2},"end":{"line":29,"column":3}},"loc":{"start":{"line":29,"column":16},"end":{"line":31,"column":3}},"line":29},"2":{"name":"(anonymous_2)","decl":{"start":{"line":33,"column":2},"end":{"line":33,"column":3}},"loc":{"start":{"line":33,"column":14},"end":{"line":33,"column":34}},"line":33},"3":{"name":"(anonymous_3)","decl":{"start":{"line":35,"column":2},"end":{"line":35,"column":3}},"loc":{"start":{"line":35,"column":23},"end":{"line":42,"column":3}},"line":35},"4":{"name":"(anonymous_4)","decl":{"start":{"line":44,"column":2},"end":{"line":44,"column":3}},"loc":{"start":{"line":44,"column":21},"end":{"line":53,"column":3}},"line":44},"5":{"name":"(anonymous_5)","decl":{"start":{"line":56,"column":24},"end":{"line":56,"column":25}},"loc":{"start":{"line":56,"column":35},"end":{"line":62,"column":1}},"line":56},"6":{"name":"(anonymous_6)","decl":{"start":{"line":67,"column":2},"end":{"line":67,"column":3}},"loc":{"start":{"line":67,"column":38},"end":{"line":73,"column":3}},"line":67},"7":{"name":"(anonymous_7)","decl":{"start":{"line":75,"column":2},"end":{"line":75,"column":3}},"loc":{"start":{"line":75,"column":18},"end":{"line":79,"column":3}},"line":75},"8":{"name":"(anonymous_8)","decl":{"start":{"line":81,"column":2},"end":{"line":81,"column":3}},"loc":{"start":{"line":81,"column":12},"end":{"line":83,"column":3}},"line":81},"9":{"name":"(anonymous_9)","decl":{"start":{"line":85,"column":2},"end":{"line":85,"column":3}},"loc":{"start":{"line":85,"column":19},"end":{"line":98,"column":3}},"line":85},"10":{"name":"(anonymous_10)","decl":{"start":{"line":100,"column":2},"end":{"line":100,"column":3}},"loc":{"start":{"line":100,"column":23},"end":{"line":121,"column":3}},"line":100},"11":{"name":"(anonymous_11)","decl":{"start":{"line":128,"column":2},"end":{"line":128,"column":3}},"loc":{"start":{"line":128,"column":16},"end":{"line":130,"column":3}},"line":128},"12":{"name":"(anonymous_12)","decl":{"start":{"line":133,"column":2},"end":{"line":133,"column":3}},"loc":{"start":{"line":133,"column":17},"end":{"line":135,"column":3}},"line":133},"13":{"name":"(anonymous_13)","decl":{"start":{"line":138,"column":2},"end":{"line":138,"column":3}},"loc":{"start":{"line":138,"column":14},"end":{"line":140,"column":3}},"line":138},"14":{"name":"(anonymous_14)","decl":{"start":{"line":143,"column":2},"end":{"line":143,"column":3}},"loc":{"start":{"line":143,"column":21},"end":{"line":153,"column":3}},"line":143},"15":{"name":"(anonymous_15)","decl":{"start":{"line":144,"column":23},"end":{"line":144,"column":24}},"loc":{"start":{"line":144,"column":28},"end":{"line":144,"column":50}},"line":144},"16":{"name":"(anonymous_16)","decl":{"start":{"line":156,"column":2},"end":{"line":156,"column":3}},"loc":{"start":{"line":156,"column":12},"end":{"line":168,"column":3}},"line":156},"17":{"name":"(anonymous_17)","decl":{"start":{"line":170,"column":2},"end":{"line":170,"column":3}},"loc":{"start":{"line":170,"column":12},"end":{"line":191,"column":3}},"line":170},"18":{"name":"(anonymous_18)","decl":{"start":{"line":193,"column":2},"end":{"line":193,"column":3}},"loc":{"start":{"line":193,"column":12},"end":{"line":198,"column":3}},"line":193}},"branchMap":{"0":{"loc":{"start":{"line":37,"column":4},"end":{"line":39,"column":5}},"type":"if","locations":[{"start":{"line":37,"column":4},"end":{"line":39,"column":5}},{"start":{},"end":{}}],"line":37},"1":{"loc":{"start":{"line":57,"column":2},"end":{"line":59,"column":3}},"type":"if","locations":[{"start":{"line":57,"column":2},"end":{"line":59,"column":3}},{"start":{},"end":{}}],"line":57},"2":{"loc":{"start":{"line":61,"column":9},"end":{"line":61,"column":48}},"type":"cond-expr","locations":[{"start":{"line":61,"column":36},"end":{"line":61,"column":40}},{"start":{"line":61,"column":43},"end":{"line":61,"column":48}}],"line":61},"3":{"loc":{"start":{"line":93,"column":4},"end":{"line":97,"column":5}},"type":"if","locations":[{"start":{"line":93,"column":4},"end":{"line":97,"column":5}},{"start":{"line":95,"column":11},"end":{"line":97,"column":5}}],"line":93},"4":{"loc":{"start":{"line":93,"column":7},"end":{"line":93,"column":64}},"type":"binary-expr","locations":[{"start":{"line":93,"column":7},"end":{"line":93,"column":33}},{"start":{"line":93,"column":37},"end":{"line":93,"column":64}}],"line":93},"5":{"loc":{"start":{"line":101,"column":4},"end":{"line":103,"column":5}},"type":"if","locations":[{"start":{"line":101,"column":4},"end":{"line":103,"column":5}},{"start":{},"end":{}}],"line":101},"6":{"loc":{"start":{"line":104,"column":4},"end":{"line":106,"column":5}},"type":"if","locations":[{"start":{"line":104,"column":4},"end":{"line":106,"column":5}},{"start":{},"end":{}}],"line":104},"7":{"loc":{"start":{"line":104,"column":9},"end":{"line":104,"column":94}},"type":"binary-expr","locations":[{"start":{"line":104,"column":9},"end":{"line":104,"column":50}},{"start":{"line":104,"column":54},"end":{"line":104,"column":94}}],"line":104},"8":{"loc":{"start":{"line":107,"column":4},"end":{"line":109,"column":5}},"type":"if","locations":[{"start":{"line":107,"column":4},"end":{"line":109,"column":5}},{"start":{},"end":{}}],"line":107},"9":{"loc":{"start":{"line":107,"column":7},"end":{"line":107,"column":144}},"type":"binary-expr","locations":[{"start":{"line":107,"column":7},"end":{"line":107,"column":37}},{"start":{"line":107,"column":41},"end":{"line":107,"column":75}},{"start":{"line":107,"column":79},"end":{"line":107,"column":108}},{"start":{"line":107,"column":112},"end":{"line":107,"column":144}}],"line":107},"10":{"loc":{"start":{"line":110,"column":4},"end":{"line":114,"column":5}},"type":"if","locations":[{"start":{"line":110,"column":4},"end":{"line":114,"column":5}},{"start":{},"end":{}}],"line":110},"11":{"loc":{"start":{"line":111,"column":6},"end":{"line":113,"column":7}},"type":"if","locations":[{"start":{"line":111,"column":6},"end":{"line":113,"column":7}},{"start":{},"end":{}}],"line":111},"12":{"loc":{"start":{"line":115,"column":4},"end":{"line":119,"column":5}},"type":"if","locations":[{"start":{"line":115,"column":4},"end":{"line":119,"column":5}},{"start":{},"end":{}}],"line":115},"13":{"loc":{"start":{"line":116,"column":6},"end":{"line":118,"column":7}},"type":"if","locations":[{"start":{"line":116,"column":6},"end":{"line":118,"column":7}},{"start":{},"end":{}}],"line":116},"14":{"loc":{"start":{"line":144,"column":4},"end":{"line":146,"column":5}},"type":"if","locations":[{"start":{"line":144,"column":4},"end":{"line":146,"column":5}},{"start":{},"end":{}}],"line":144},"15":{"loc":{"start":{"line":147,"column":4},"end":{"line":152,"column":5}},"type":"if","locations":[{"start":{"line":147,"column":4},"end":{"line":152,"column":5}},{"start":{},"end":{}}],"line":147},"16":{"loc":{"start":{"line":147,"column":7},"end":{"line":147,"column":65}},"type":"binary-expr","locations":[{"start":{"line":147,"column":7},"end":{"line":147,"column":36}},{"start":{"line":147,"column":40},"end":{"line":147,"column":65}}],"line":147},"17":{"loc":{"start":{"line":160,"column":6},"end":{"line":165,"column":7}},"type":"if","locations":[{"start":{"line":160,"column":6},"end":{"line":165,"column":7}},{"start":{"line":163,"column":12},"end":{"line":165,"column":7}}],"line":160},"18":{"loc":{"start":{"line":163,"column":12},"end":{"line":165,"column":7}},"type":"if","locations":[{"start":{"line":163,"column":12},"end":{"line":165,"column":7}},{"start":{},"end":{}}],"line":163},"19":{"loc":{"start":{"line":173,"column":4},"end":{"line":175,"column":5}},"type":"if","locations":[{"start":{"line":173,"column":4},"end":{"line":175,"column":5}},{"start":{},"end":{}}],"line":173},"20":{"loc":{"start":{"line":178,"column":6},"end":{"line":181,"column":7}},"type":"if","locations":[{"start":{"line":178,"column":6},"end":{"line":181,"column":7}},{"start":{},"end":{}}],"line":178},"21":{"loc":{"start":{"line":182,"column":6},"end":{"line":185,"column":7}},"type":"if","locations":[{"start":{"line":182,"column":6},"end":{"line":185,"column":7}},{"start":{},"end":{}}],"line":182}},"s":{"0":1,"1":1,"2":1,"3":1,"4":1,"5":1,"6":17,"7":17,"8":17,"9":17,"10":55,"11":101,"12":154,"13":3,"14":151,"15":100,"16":100,"17":0,"18":100,"19":100,"20":1,"21":66,"22":2,"23":64,"24":64,"25":112,"26":112,"27":112,"28":112,"29":193,"30":193,"31":167,"32":54,"33":54,"34":54,"35":3,"36":51,"37":48,"38":3,"39":74,"40":2,"41":72,"42":2,"43":70,"44":4,"45":66,"46":23,"47":4,"48":62,"49":43,"50":2,"51":60,"52":26,"53":26,"54":47,"55":49,"56":83,"57":1,"58":48,"59":47,"60":47,"61":47,"62":17,"63":17,"64":26,"65":26,"66":26,"67":3,"68":23,"69":6,"70":8,"71":9,"72":9,"73":9,"74":1,"75":8,"76":8,"77":17,"78":9,"79":9,"80":17,"81":8,"82":8,"83":8,"84":8,"85":4,"86":4,"87":8,"88":8,"89":1},"f":{"0":17,"1":55,"2":101,"3":154,"4":100,"5":66,"6":112,"7":193,"8":167,"9":54,"10":74,"11":26,"12":26,"13":47,"14":49,"15":83,"16":17,"17":9,"18":4},"b":{"0":[3,151],"1":[2,64],"2":[60,4],"3":[48,3],"4":[51,49],"5":[2,72],"6":[2,70],"7":[72,27],"8":[4,66],"9":[70,69,68,67],"10":[23,43],"11":[4,19],"12":[43,19],"13":[2,41],"14":[1,48],"15":[47,1],"16":[48,48],"17":[3,23],"18":[6,17],"19":[1,8],"20":[9,8],"21":[8,9]},"_coverageSchema":"1a1c01bbd47fc00a2c39e90264f33305004495a9","hash":"96559877c76a11468de99639413fbd8fe9ccc42b"}
}
