TN:
SF:adacoin/src/main.js
FN:19,(anonymous_0)
FN:29,(anonymous_1)
FN:33,(anonymous_2)
FN:35,(anonymous_3)
FN:44,(anonymous_4)
FN:56,(anonymous_5)
FN:67,(anonymous_6)
FN:75,(anonymous_7)
FN:81,(anonymous_8)
FN:85,(anonymous_9)
FN:100,(anonymous_10)
FN:128,(anonymous_11)
FN:133,(anonymous_12)
FN:138,(anonymous_13)
FN:143,(anonymous_14)
FN:144,(anonymous_15)
FN:156,(anonymous_16)
FN:170,(anonymous_17)
FN:193,(anonymous_18)
FNF:19
FNH:19
FNDA:17,(anonymous_0)
FNDA:55,(anonymous_1)
FNDA:101,(anonymous_2)
FNDA:154,(anonymous_3)
FNDA:100,(anonymous_4)
FNDA:66,(anonymous_5)
FNDA:112,(anonymous_6)
FNDA:193,(anonymous_7)
FNDA:167,(anonymous_8)
FNDA:54,(anonymous_9)
FNDA:74,(anonymous_10)
FNDA:26,(anonymous_11)
FNDA:26,(anonymous_12)
FNDA:47,(anonymous_13)
FNDA:49,(anonymous_14)
FNDA:83,(anonymous_15)
FNDA:17,(anonymous_16)
FNDA:9,(anonymous_17)
FNDA:4,(anonymous_18)
DA:1,1
DA:2,1
DA:3,1
DA:4,1
DA:5,1
DA:8,1
DA:20,17
DA:21,17
DA:22,17
DA:23,17
DA:30,55
DA:33,101
DA:37,154
DA:38,3
DA:41,151
DA:46,100
DA:48,0
DA:51,100
DA:52,100
DA:56,1
DA:57,66
DA:58,2
DA:60,64
DA:61,64
DA:68,112
DA:69,112
DA:70,112
DA:72,112
DA:76,193
DA:78,193
DA:82,167
DA:86,54
DA:87,54
DA:88,54
DA:91,3
DA:93,51
DA:94,48
DA:96,3
DA:101,74
DA:102,2
DA:104,72
DA:105,2
DA:107,70
DA:108,4
DA:110,66
DA:111,23
DA:112,4
DA:115,62
DA:116,43
DA:117,2
DA:120,60
DA:129,26
DA:134,26
DA:139,47
DA:144,83
DA:145,1
DA:147,48
DA:149,47
DA:150,47
DA:151,47
DA:157,17
DA:158,26
DA:159,26
DA:160,26
DA:161,3
DA:163,23
DA:164,6
DA:167,8
DA:171,9
DA:172,9
DA:173,9
DA:174,1
DA:176,8
DA:178,17
DA:179,9
DA:180,9
DA:182,17
DA:183,8
DA:184,8
DA:189,8
DA:190,8
DA:194,4
DA:195,8
DA:196,8
DA:201,1
LF:85
LH:84
BRDA:37,0,0,3
BRDA:37,0,1,151
BRDA:57,1,0,2
BRDA:57,1,1,64
BRDA:61,2,0,60
BRDA:61,2,1,4
BRDA:93,3,0,48
BRDA:93,3,1,3
BRDA:93,4,0,51
BRDA:93,4,1,49
BRDA:101,5,0,2
BRDA:101,5,1,72
BRDA:104,6,0,2
BRDA:104,6,1,70
BRDA:104,7,0,72
BRDA:104,7,1,27
BRDA:107,8,0,4
BRDA:107,8,1,66
BRDA:107,9,0,70
BRDA:107,9,1,69
BRDA:107,9,2,68
BRDA:107,9,3,67
BRDA:110,10,0,23
BRDA:110,10,1,43
BRDA:111,11,0,4
BRDA:111,11,1,19
BRDA:115,12,0,43
BRDA:115,12,1,19
BRDA:116,13,0,2
BRDA:116,13,1,41
BRDA:144,14,0,1
BRDA:144,14,1,48
BRDA:147,15,0,47
BRDA:147,15,1,1
BRDA:147,16,0,48
BRDA:147,16,1,48
BRDA:160,17,0,3
BRDA:160,17,1,23
BRDA:163,18,0,6
BRDA:163,18,1,17
BRDA:173,19,0,1
BRDA:173,19,1,8
BRDA:178,20,0,9
BRDA:178,20,1,8
BRDA:182,21,0,8
BRDA:182,21,1,9
BRF:46
BRH:46
end_of_record
