TN:
SF:adacoin/src/main.js
FN:19,(anonymous_0)
FN:29,(anonymous_1)
FN:33,(anonymous_2)
FN:35,(anonymous_3)
FN:44,(anonymous_4)
FN:56,(anonymous_5)
FN:67,(anonymous_6)
FN:75,(anonymous_7)
FN:81,(anonymous_8)
FN:85,(anonymous_9)
FN:100,(anonymous_10)
FN:128,(anonymous_11)
FN:133,(anonymous_12)
FN:138,(anonymous_13)
FN:143,(anonymous_14)
FN:144,(anonymous_15)
FN:156,(anonymous_16)
FN:170,(anonymous_17)
FN:196,(anonymous_18)
FNF:19
FNH:19
FNDA:26,(anonymous_0)
FNDA:60,(anonymous_1)
FNDA:110,(anonymous_2)
FNDA:171,(anonymous_3)
FNDA:111,(anonymous_4)
FNDA:69,(anonymous_5)
FNDA:120,(anonymous_6)
FNDA:231,(anonymous_7)
FNDA:179,(anonymous_8)
FNDA:57,(anonymous_9)
FNDA:78,(anonymous_10)
FNDA:31,(anonymous_11)
FNDA:31,(anonymous_12)
FNDA:50,(anonymous_13)
FNDA:54,(anonymous_14)
FNDA:89,(anonymous_15)
FNDA:30,(anonymous_16)
FNDA:9,(anonymous_17)
FNDA:5,(anonymous_18)
DA:1,1
DA:2,1
DA:3,1
DA:4,1
DA:5,1
DA:8,1
DA:20,26
DA:21,26
DA:22,26
DA:23,26
DA:30,60
DA:33,110
DA:37,171
DA:38,7
DA:41,164
DA:46,111
DA:48,2
DA:51,109
DA:52,109
DA:56,1
DA:57,69
DA:58,3
DA:60,66
DA:61,66
DA:68,120
DA:69,120
DA:70,120
DA:72,120
DA:76,231
DA:78,231
DA:82,179
DA:86,57
DA:87,57
DA:88,57
DA:91,3
DA:93,54
DA:94,51
DA:96,3
DA:101,78
DA:102,2
DA:104,76
DA:105,3
DA:107,73
DA:108,4
DA:110,69
DA:111,23
DA:112,4
DA:115,65
DA:116,46
DA:117,4
DA:120,61
DA:129,31
DA:134,31
DA:139,50
DA:144,89
DA:145,1
DA:147,53
DA:149,50
DA:150,50
DA:151,50
DA:157,30
DA:158,51
DA:159,51
DA:160,51
DA:161,4
DA:163,47
DA:164,6
DA:167,20
DA:171,9
DA:172,9
DA:173,9
DA:174,1
DA:176,8
DA:177,1
DA:179,7
DA:181,14
DA:182,9
DA:183,9
DA:185,14
DA:186,5
DA:187,5
DA:192,7
DA:193,7
DA:197,5
DA:198,10
DA:199,10
DA:205,1
LF:87
LH:87
BRDA:37,0,0,7
BRDA:37,0,1,164
BRDA:57,1,0,3
BRDA:57,1,1,66
BRDA:61,2,0,61
BRDA:61,2,1,5
BRDA:93,3,0,51
BRDA:93,3,1,3
BRDA:93,4,0,54
BRDA:93,4,1,52
BRDA:101,5,0,2
BRDA:101,5,1,76
BRDA:104,6,0,3
BRDA:104,6,1,73
BRDA:104,7,0,76
BRDA:104,7,1,28
BRDA:107,8,0,4
BRDA:107,8,1,69
BRDA:107,9,0,73
BRDA:107,9,1,72
BRDA:107,9,2,71
BRDA:107,9,3,70
BRDA:110,10,0,23
BRDA:110,10,1,46
BRDA:111,11,0,4
BRDA:111,11,1,19
BRDA:115,12,0,46
BRDA:115,12,1,19
BRDA:116,13,0,4
BRDA:116,13,1,42
BRDA:144,14,0,1
BRDA:144,14,1,53
BRDA:147,15,0,50
BRDA:147,15,1,1
BRDA:147,16,0,53
BRDA:147,16,1,51
BRDA:160,17,0,4
BRDA:160,17,1,47
BRDA:163,18,0,6
BRDA:163,18,1,41
BRDA:173,19,0,1
BRDA:173,19,1,8
BRDA:176,20,0,1
BRDA:176,20,1,7
BRDA:181,21,0,9
BRDA:181,21,1,5
BRDA:185,22,0,5
BRDA:185,22,1,9
BRF:48
BRH:48
end_of_record
